Конфеты "Белочка";245.5;120
Конфеты "Мишка на севере";70;120
Конфеты "Дейл";140;170
Конфеты "Маска";60;80
Шоколад "Аленка";32;90
Шоколад "Вдохновение";45;60
Торт "Орешек";75.5;240
Торт "Причуда";80;260
Торт "Йогуртовый";220;30
Торт "Ванильный";270;7
Печенье "Юбилейное";50;720
Печенье "Овсяное";45;720
Хлеб "Нарезной";18;20
Хлеб "Бородинский";17;30
Хлеб "Подовый";15;18
Колбаса "Докторская";240;14
Колбаса "Любительская";220;14
Колбаса "Краковская";270;30
Колбаса "Одесская";270;35
Молоко "Буренка";35;120
Молоко "Деревенское";40;120
Картофель "Отборный";30;90
Морковь;20;30